<?xml version="1.0" encoding="UTF-8"?>
<!-- Generated by org.testng.reporters.JUnitReportReporter -->
<testsuite ignored="0" hostname="Yoih" failures="0" tests="1" name="pruebang.Ejemplo_HardAssertion" time="2.338" errors="0" timestamp="11 may 2024 16:42:36 GMT" skipped="0">
  <testcase classname="pruebang.Ejemplo_HardAssertion" name="f" time="2.338"/>
</testsuite> <!-- pruebang.Ejemplo_HardAssertion -->
