<?xml version="1.0" encoding="UTF-8"?>
<!-- Generated by org.testng.reporters.JUnitReportReporter -->
<testsuite ignored="0" hostname="Yoih" failures="0" tests="1" name="pruebang.SelTest" time="3.243" errors="0" timestamp="20 abr 2024 16:46:21 GMT" skipped="0">
  <testcase classname="pruebang.SelTest" name="test01" time="3.243"/>
</testsuite> <!-- pruebang.SelTest -->
